0 info it worked if it ends with ok
1 verbose cli [ 'node', '/usr/local/bin/npm', 'install' ]
2 info using npm@1.1.59
3 info using node@v0.8.8
4 verbose read json /Users/jim/programs/pennapps/express-coffee/package.json
5 verbose readDependencies using package.json deps
6 verbose install where, deps [ '/Users/jim/programs/pennapps/express-coffee',
6 verbose install   [ 'express',
6 verbose install     'jade',
6 verbose install     'connect-assets',
6 verbose install     'stylus',
6 verbose install     'nib',
6 verbose install     'markdown',
6 verbose install     'underscore',
6 verbose install     'redis',
6 verbose install     'coffee-script',
6 verbose install     'mocha',
6 verbose install     'should',
6 verbose install     'request',
6 verbose install     'supervisor' ] ]
7 verbose from cache /Users/jim/programs/pennapps/express-coffee/package.json
8 info preinstall coffee-express-bootstrap@0.1.0
9 verbose read json /Users/jim/programs/pennapps/express-coffee/node_modules/coffee-script/package.json
10 verbose read json /Users/jim/programs/pennapps/express-coffee/node_modules/connect-assets/package.json
11 verbose read json /Users/jim/programs/pennapps/express-coffee/node_modules/docco/package.json
12 verbose read json /Users/jim/programs/pennapps/express-coffee/node_modules/express/package.json
13 verbose read json /Users/jim/programs/pennapps/express-coffee/node_modules/jade/package.json
14 verbose read json /Users/jim/programs/pennapps/express-coffee/node_modules/markdown/package.json
15 verbose read json /Users/jim/programs/pennapps/express-coffee/node_modules/mocha/package.json
16 verbose read json /Users/jim/programs/pennapps/express-coffee/node_modules/nib/package.json
17 verbose read json /Users/jim/programs/pennapps/express-coffee/node_modules/redis/package.json
18 verbose read json /Users/jim/programs/pennapps/express-coffee/node_modules/request/package.json
19 verbose read json /Users/jim/programs/pennapps/express-coffee/node_modules/should/package.json
20 verbose read json /Users/jim/programs/pennapps/express-coffee/node_modules/stylus/package.json
21 verbose read json /Users/jim/programs/pennapps/express-coffee/node_modules/supervisor/package.json
22 verbose read json /Users/jim/programs/pennapps/express-coffee/node_modules/underscore/package.json
23 verbose read json /Users/jim/programs/pennapps/express-coffee/node_modules/which/package.json
24 verbose from cache /Users/jim/programs/pennapps/express-coffee/package.json
25 verbose readDependencies using package.json deps
26 verbose read json /Users/jim/programs/pennapps/express-coffee/node_modules/.bin/package.json
27 verbose from cache /Users/jim/programs/pennapps/express-coffee/node_modules/coffee-script/package.json
28 verbose from cache /Users/jim/programs/pennapps/express-coffee/node_modules/connect-assets/package.json
29 verbose from cache /Users/jim/programs/pennapps/express-coffee/node_modules/docco/package.json
30 verbose from cache /Users/jim/programs/pennapps/express-coffee/node_modules/express/package.json
31 verbose from cache /Users/jim/programs/pennapps/express-coffee/node_modules/jade/package.json
32 verbose from cache /Users/jim/programs/pennapps/express-coffee/node_modules/markdown/package.json
33 verbose from cache /Users/jim/programs/pennapps/express-coffee/node_modules/mocha/package.json
34 verbose from cache /Users/jim/programs/pennapps/express-coffee/node_modules/nib/package.json
35 verbose from cache /Users/jim/programs/pennapps/express-coffee/node_modules/redis/package.json
36 verbose from cache /Users/jim/programs/pennapps/express-coffee/node_modules/request/package.json
37 verbose from cache /Users/jim/programs/pennapps/express-coffee/node_modules/should/package.json
38 verbose from cache /Users/jim/programs/pennapps/express-coffee/node_modules/stylus/package.json
39 verbose from cache /Users/jim/programs/pennapps/express-coffee/node_modules/supervisor/package.json
40 verbose from cache /Users/jim/programs/pennapps/express-coffee/node_modules/underscore/package.json
41 verbose from cache /Users/jim/programs/pennapps/express-coffee/node_modules/which/package.json
42 verbose already installed skipping stylus@0.29.0 /Users/jim/programs/pennapps/express-coffee
43 verbose already installed skipping nib@0.8.2 /Users/jim/programs/pennapps/express-coffee
44 verbose already installed skipping markdown@0.4.0 /Users/jim/programs/pennapps/express-coffee
45 verbose already installed skipping underscore@1.3.3 /Users/jim/programs/pennapps/express-coffee
46 verbose already installed skipping redis@0.8.1 /Users/jim/programs/pennapps/express-coffee
47 verbose already installed skipping coffee-script@* /Users/jim/programs/pennapps/express-coffee
48 verbose already installed skipping mocha@* /Users/jim/programs/pennapps/express-coffee
49 verbose already installed skipping should@* /Users/jim/programs/pennapps/express-coffee
50 verbose already installed skipping request@* /Users/jim/programs/pennapps/express-coffee
51 verbose already installed skipping supervisor@* /Users/jim/programs/pennapps/express-coffee
52 verbose cache add [ 'express@3.0.0', null ]
53 silly cache add name=undefined spec="express@3.0.0" args=["express@3.0.0",null]
54 verbose parsed url { pathname: 'express@3.0.0',
54 verbose parsed url   path: 'express@3.0.0',
54 verbose parsed url   href: 'express@3.0.0' }
55 silly cache add name="express" spec="3.0.0" args=["express","3.0.0"]
56 verbose parsed url { pathname: '3.0.0', path: '3.0.0', href: '3.0.0' }
57 verbose addNamed [ 'express', '3.0.0' ]
58 verbose addNamed [ '3.0.0', '3.0.0' ]
59 verbose already installed skipping jade@0.27.2 /Users/jim/programs/pennapps/express-coffee
60 verbose already installed skipping connect-assets@2.3.3 /Users/jim/programs/pennapps/express-coffee
61 silly lockFile 35596296-express-3-0-0 express@3.0.0
62 verbose lock express@3.0.0 /Users/jim/.npm/35596296-express-3-0-0.lock
63 verbose url raw express/3.0.0
64 verbose url resolving [ 'https://registry.npmjs.org/', './express/3.0.0' ]
65 verbose url resolved https://registry.npmjs.org/express/3.0.0
66 info retry registry request attempt 1 at 10:39:13
67 http GET https://registry.npmjs.org/express/3.0.0
68 http 404 https://registry.npmjs.org/express/3.0.0
69 silly registry.get cb [ 404,
69 silly registry.get   { vary: 'Accept',
69 silly registry.get     server: 'CouchDB/1.2.0 (Erlang OTP/R15B)',
69 silly registry.get     etag: '"2MH48UVC8ZCYYKMIC0OUOSMRT"',
69 silly registry.get     date: 'Fri, 14 Sep 2012 14:39:12 GMT',
69 silly registry.get     'content-type': 'application/json',
69 silly registry.get     'content-length': '36' } ]
70 silly lockFile 35596296-express-3-0-0 express@3.0.0
71 error Error: version not found: 3.0.0 : express/3.0.0
71 error     at RegClient.<anonymous> (/usr/local/lib/node_modules/npm/node_modules/npm-registry-client/lib/request.js:253:14)
71 error     at Request.init.self.callback (/usr/local/lib/node_modules/npm/node_modules/request/main.js:120:22)
71 error     at Request.EventEmitter.emit (events.js:91:17)
71 error     at Request.<anonymous> (/usr/local/lib/node_modules/npm/node_modules/request/main.js:648:16)
71 error     at Request.EventEmitter.emit (events.js:115:20)
71 error     at IncomingMessage.Request.start.self.req.self.httpModule.request.buffer (/usr/local/lib/node_modules/npm/node_modules/request/main.js:610:14)
71 error     at IncomingMessage.EventEmitter.emit (events.js:115:20)
71 error     at IncomingMessage._emitEnd (http.js:366:10)
71 error     at HTTPParser.parserOnMessageComplete [as onMessageComplete] (http.js:149:23)
71 error     at CleartextStream.socketOnData (http.js:1366:20)
72 error If you need help, you may report this log at:
72 error     <http://github.com/isaacs/npm/issues>
72 error or email it to:
72 error     <npm-@googlegroups.com>
73 error System Darwin 11.3.0
74 error command "node" "/usr/local/bin/npm" "install"
75 error cwd /Users/jim/programs/pennapps/express-coffee
76 error node -v v0.8.8
77 error npm -v 1.1.59
78 verbose exit [ 1, true ]
